<?xml version="1.0" encoding="UTF-8"?>
<testsuite xmlns:xsi="http://www.w3.org/2001/XMLSchema-instance" xsi:noNamespaceSchemaLocation="https://maven.apache.org/surefire/maven-surefire-plugin/xsd/surefire-test-report.xsd" name="TestSuite" time="405.795" tests="14" errors="0" skipped="0" failures="0">
  <properties>
    <property name="java.vm.info" value="mixed mode"/>
    <property name="file.encoding.pkg" value="sun.io"/>
    <property name="user.variant" value=""/>
    <property name="file.encoding" value="Cp1252"/>
    <property name="java.specification.name" value="Java Platform API Specification"/>
    <property name="line.separator" value="&#10;"/>
    <property name="sun.os.patch.level" value="Service Pack 1"/>
    <property name="user.dir" value="C:\workspaces\selenium\psd2"/>
    <property name="java.home" value="C:\ORACLE\Middleware\SOASuite11gR1PS5\jdk160_29\jre"/>
    <property name="user.name" value="u70017"/>
    <property name="sun.boot.library.path" value="C:\ORACLE\Middleware\SOASuite11gR1PS5\jdk160_29\jre\bin"/>
    <property name="user.home" value="C:\Users\u70017"/>
    <property name="localRepository" value="C:\dev\repo\m3.0.3"/>
    <property name="sun.java.launcher" value="SUN_STANDARD"/>
    <property name="java.class.version" value="50.0"/>
    <property name="user.language" value="en"/>
    <property name="java.vendor.url.bug" value="http://java.sun.com/cgi-bin/bugreport.cgi"/>
    <property name="sun.jnu.encoding" value="Cp1252"/>
    <property name="java.io.tmpdir" value="C:\Users\u70017\AppData\Local\Temp\"/>
    <property name="java.specification.vendor" value="Sun Microsystems Inc."/>
    <property name="file.separator" value="\"/>
    <property name="java.class.path" value="C:\workspaces\selenium\psd2\target\test-classes;C:\workspaces\selenium\psd2\target\classes;C:\dev\repo\m3.0.3\junit\junit\4.9\junit-4.9.jar;C:\dev\repo\m3.0.3\org\hamcrest\hamcrest-core\1.1\hamcrest-core-1.1.jar;C:\dev\repo\m3.0.3\org\seleniumhq\selenium\selenium-java\2.25.0\selenium-java-2.25.0.jar;C:\dev\repo\m3.0.3\org\seleniumhq\selenium\selenium-android-driver\2.25.0\selenium-android-driver-2.25.0.jar;C:\dev\repo\m3.0.3\org\seleniumhq\selenium\selenium-remote-driver\2.25.0\selenium-remote-driver-2.25.0.jar;C:\dev\repo\m3.0.3\cglib\cglib-nodep\2.1_3\cglib-nodep-2.1_3.jar;C:\dev\repo\m3.0.3\org\json\json\20080701\json-20080701.jar;C:\dev\repo\m3.0.3\com\google\guava\guava\12.0\guava-12.0.jar;C:\dev\repo\m3.0.3\com\google\code\findbugs\jsr305\1.3.9\jsr305-1.3.9.jar;C:\dev\repo\m3.0.3\org\seleniumhq\selenium\selenium-chrome-driver\2.25.0\selenium-chrome-driver-2.25.0.jar;C:\dev\repo\m3.0.3\org\seleniumhq\selenium\selenium-htmlunit-driver\2.25.0\selenium-htmlunit-driver-2.25.0.jar;C:\dev\repo\m3.0.3\org\seleniumhq\selenium\selenium-api\2.25.0\selenium-api-2.25.0.jar;C:\dev\repo\m3.0.3\net\sourceforge\htmlunit\htmlunit\2.9\htmlunit-2.9.jar;C:\dev\repo\m3.0.3\xalan\xalan\2.7.1\xalan-2.7.1.jar;C:\dev\repo\m3.0.3\xalan\serializer\2.7.1\serializer-2.7.1.jar;C:\dev\repo\m3.0.3\commons-collections\commons-collections\3.2.1\commons-collections-3.2.1.jar;C:\dev\repo\m3.0.3\commons-lang\commons-lang\2.6\commons-lang-2.6.jar;C:\dev\repo\m3.0.3\org\apache\httpcomponents\httpmime\4.1.2\httpmime-4.1.2.jar;C:\dev\repo\m3.0.3\net\sourceforge\htmlunit\htmlunit-core-js\2.9\htmlunit-core-js-2.9.jar;C:\dev\repo\m3.0.3\xerces\xercesImpl\2.9.1\xercesImpl-2.9.1.jar;C:\dev\repo\m3.0.3\xml-apis\xml-apis\1.3.04\xml-apis-1.3.04.jar;C:\dev\repo\m3.0.3\net\sourceforge\nekohtml\nekohtml\1.9.15\nekohtml-1.9.15.jar;C:\dev\repo\m3.0.3\net\sourceforge\cssparser\cssparser\0.9.5\cssparser-0.9.5.jar;C:\dev\repo\m3.0.3\org\w3c\css\sac\1.3\sac-1.3.jar;C:\dev\repo\m3.0.3\commons-logging\commons-logging\1.1.1\commons-logging-1.1.1.jar;C:\dev\repo\m3.0.3\org\apache\httpcomponents\httpclient\4.1.2\httpclient-4.1.2.jar;C:\dev\repo\m3.0.3\org\apache\httpcomponents\httpcore\4.1.2\httpcore-4.1.2.jar;C:\dev\repo\m3.0.3\org\seleniumhq\selenium\selenium-firefox-driver\2.25.0\selenium-firefox-driver-2.25.0.jar;C:\dev\repo\m3.0.3\commons-io\commons-io\2.0.1\commons-io-2.0.1.jar;C:\dev\repo\m3.0.3\org\apache\commons\commons-exec\1.1\commons-exec-1.1.jar;C:\dev\repo\m3.0.3\org\seleniumhq\selenium\selenium-ie-driver\2.25.0\selenium-ie-driver-2.25.0.jar;C:\dev\repo\m3.0.3\net\java\dev\jna\jna\3.4.0\jna-3.4.0.jar;C:\dev\repo\m3.0.3\net\java\dev\jna\platform\3.4.0\platform-3.4.0.jar;C:\dev\repo\m3.0.3\org\seleniumhq\selenium\selenium-iphone-driver\2.25.0\selenium-iphone-driver-2.25.0.jar;C:\dev\repo\m3.0.3\org\seleniumhq\selenium\selenium-safari-driver\2.25.0\selenium-safari-driver-2.25.0.jar;C:\dev\repo\m3.0.3\org\seleniumhq\selenium\selenium-support\2.25.0\selenium-support-2.25.0.jar;C:\dev\repo\m3.0.3\org\webbitserver\webbit\0.4.6\webbit-0.4.6.jar;C:\dev\repo\m3.0.3\org\jboss\netty\netty\3.2.7.Final\netty-3.2.7.Final.jar;C:\dev\repo\m3.0.3\org\testng\testng\6.5.2\testng-6.5.2.jar;C:\dev\repo\m3.0.3\org\beanshell\bsh\2.0b4\bsh-2.0b4.jar;C:\dev\repo\m3.0.3\com\beust\jcommander\1.12\jcommander-1.12.jar;C:\dev\repo\m3.0.3\org\yaml\snakeyaml\1.6\snakeyaml-1.6.jar;C:\dev\repo\m3.0.3\com\relevantcodes\extentreports\2.41.1\extentreports-2.41.1.jar;C:\dev\repo\m3.0.3\org\jsoup\jsoup\1.8.3\jsoup-1.8.3.jar;C:\dev\repo\m3.0.3\org\xerial\sqlite-jdbc\3.8.11.1\sqlite-jdbc-3.8.11.1.jar;C:\dev\repo\m3.0.3\org\freemarker\freemarker\2.3.23\freemarker-2.3.23.jar;C:\dev\repo\m3.0.3\org\mongodb\mongodb-driver\3.0.4\mongodb-driver-3.0.4.jar;C:\dev\repo\m3.0.3\org\mongodb\bson\3.0.4\bson-3.0.4.jar;C:\dev\repo\m3.0.3\org\mongodb\mongodb-driver-core\3.0.4\mongodb-driver-core-3.0.4.jar;C:\dev\repo\m3.0.3\org\apache\poi\poi\3.17\poi-3.17.jar;C:\dev\repo\m3.0.3\commons-codec\commons-codec\1.10\commons-codec-1.10.jar;C:\dev\repo\m3.0.3\org\apache\commons\commons-collections4\4.1\commons-collections4-4.1.jar;C:\dev\repo\m3.0.3\org\apache\poi\poi-ooxml\3.17\poi-ooxml-3.17.jar;C:\dev\repo\m3.0.3\org\apache\poi\poi-ooxml-schemas\3.17\poi-ooxml-schemas-3.17.jar;C:\dev\repo\m3.0.3\org\apache\xmlbeans\xmlbeans\2.6.0\xmlbeans-2.6.0.jar;C:\dev\repo\m3.0.3\stax\stax-api\1.0.1\stax-api-1.0.1.jar;C:\dev\repo\m3.0.3\com\github\virtuald\curvesapi\1.04\curvesapi-1.04.jar;C:\dev\repo\m3.0.3\org\apache\maven\surefire\surefire-testng-utils\2.20.1\surefire-testng-utils-2.20.1.jar;C:\dev\repo\m3.0.3\org\apache\maven\surefire\surefire-grouper\2.20.1\surefire-grouper-2.20.1.jar;"/>
    <property name="java.vm.vendor" value="Sun Microsystems Inc."/>
    <property name="sun.cpu.endian" value="little"/>
    <property name="java.vm.specification.vendor" value="Sun Microsystems Inc."/>
    <property name="java.specification.version" value="1.6"/>
    <property name="awt.toolkit" value="sun.awt.windows.WToolkit"/>
    <property name="sun.java.command" value="C:\workspaces\selenium\psd2\target\surefire\surefirebooter7883688223842161589.jar C:\workspaces\selenium\psd2\target\surefire 2018-06-12T17-58-25_030-jvmRun1 surefire8572470033170787178tmp surefire_08317979044672288126tmp"/>
    <property name="user.timezone" value=""/>
    <property name="java.runtime.version" value="1.6.0_29-b11"/>
    <property name="surefire.test.class.path" value="C:\workspaces\selenium\psd2\target\test-classes;C:\workspaces\selenium\psd2\target\classes;C:\dev\repo\m3.0.3\junit\junit\4.9\junit-4.9.jar;C:\dev\repo\m3.0.3\org\hamcrest\hamcrest-core\1.1\hamcrest-core-1.1.jar;C:\dev\repo\m3.0.3\org\seleniumhq\selenium\selenium-java\2.25.0\selenium-java-2.25.0.jar;C:\dev\repo\m3.0.3\org\seleniumhq\selenium\selenium-android-driver\2.25.0\selenium-android-driver-2.25.0.jar;C:\dev\repo\m3.0.3\org\seleniumhq\selenium\selenium-remote-driver\2.25.0\selenium-remote-driver-2.25.0.jar;C:\dev\repo\m3.0.3\cglib\cglib-nodep\2.1_3\cglib-nodep-2.1_3.jar;C:\dev\repo\m3.0.3\org\json\json\20080701\json-20080701.jar;C:\dev\repo\m3.0.3\com\google\guava\guava\12.0\guava-12.0.jar;C:\dev\repo\m3.0.3\com\google\code\findbugs\jsr305\1.3.9\jsr305-1.3.9.jar;C:\dev\repo\m3.0.3\org\seleniumhq\selenium\selenium-chrome-driver\2.25.0\selenium-chrome-driver-2.25.0.jar;C:\dev\repo\m3.0.3\org\seleniumhq\selenium\selenium-htmlunit-driver\2.25.0\selenium-htmlunit-driver-2.25.0.jar;C:\dev\repo\m3.0.3\org\seleniumhq\selenium\selenium-api\2.25.0\selenium-api-2.25.0.jar;C:\dev\repo\m3.0.3\net\sourceforge\htmlunit\htmlunit\2.9\htmlunit-2.9.jar;C:\dev\repo\m3.0.3\xalan\xalan\2.7.1\xalan-2.7.1.jar;C:\dev\repo\m3.0.3\xalan\serializer\2.7.1\serializer-2.7.1.jar;C:\dev\repo\m3.0.3\commons-collections\commons-collections\3.2.1\commons-collections-3.2.1.jar;C:\dev\repo\m3.0.3\commons-lang\commons-lang\2.6\commons-lang-2.6.jar;C:\dev\repo\m3.0.3\org\apache\httpcomponents\httpmime\4.1.2\httpmime-4.1.2.jar;C:\dev\repo\m3.0.3\net\sourceforge\htmlunit\htmlunit-core-js\2.9\htmlunit-core-js-2.9.jar;C:\dev\repo\m3.0.3\xerces\xercesImpl\2.9.1\xercesImpl-2.9.1.jar;C:\dev\repo\m3.0.3\xml-apis\xml-apis\1.3.04\xml-apis-1.3.04.jar;C:\dev\repo\m3.0.3\net\sourceforge\nekohtml\nekohtml\1.9.15\nekohtml-1.9.15.jar;C:\dev\repo\m3.0.3\net\sourceforge\cssparser\cssparser\0.9.5\cssparser-0.9.5.jar;C:\dev\repo\m3.0.3\org\w3c\css\sac\1.3\sac-1.3.jar;C:\dev\repo\m3.0.3\commons-logging\commons-logging\1.1.1\commons-logging-1.1.1.jar;C:\dev\repo\m3.0.3\org\apache\httpcomponents\httpclient\4.1.2\httpclient-4.1.2.jar;C:\dev\repo\m3.0.3\org\apache\httpcomponents\httpcore\4.1.2\httpcore-4.1.2.jar;C:\dev\repo\m3.0.3\org\seleniumhq\selenium\selenium-firefox-driver\2.25.0\selenium-firefox-driver-2.25.0.jar;C:\dev\repo\m3.0.3\commons-io\commons-io\2.0.1\commons-io-2.0.1.jar;C:\dev\repo\m3.0.3\org\apache\commons\commons-exec\1.1\commons-exec-1.1.jar;C:\dev\repo\m3.0.3\org\seleniumhq\selenium\selenium-ie-driver\2.25.0\selenium-ie-driver-2.25.0.jar;C:\dev\repo\m3.0.3\net\java\dev\jna\jna\3.4.0\jna-3.4.0.jar;C:\dev\repo\m3.0.3\net\java\dev\jna\platform\3.4.0\platform-3.4.0.jar;C:\dev\repo\m3.0.3\org\seleniumhq\selenium\selenium-iphone-driver\2.25.0\selenium-iphone-driver-2.25.0.jar;C:\dev\repo\m3.0.3\org\seleniumhq\selenium\selenium-safari-driver\2.25.0\selenium-safari-driver-2.25.0.jar;C:\dev\repo\m3.0.3\org\seleniumhq\selenium\selenium-support\2.25.0\selenium-support-2.25.0.jar;C:\dev\repo\m3.0.3\org\webbitserver\webbit\0.4.6\webbit-0.4.6.jar;C:\dev\repo\m3.0.3\org\jboss\netty\netty\3.2.7.Final\netty-3.2.7.Final.jar;C:\dev\repo\m3.0.3\org\testng\testng\6.5.2\testng-6.5.2.jar;C:\dev\repo\m3.0.3\org\beanshell\bsh\2.0b4\bsh-2.0b4.jar;C:\dev\repo\m3.0.3\com\beust\jcommander\1.12\jcommander-1.12.jar;C:\dev\repo\m3.0.3\org\yaml\snakeyaml\1.6\snakeyaml-1.6.jar;C:\dev\repo\m3.0.3\com\relevantcodes\extentreports\2.41.1\extentreports-2.41.1.jar;C:\dev\repo\m3.0.3\org\jsoup\jsoup\1.8.3\jsoup-1.8.3.jar;C:\dev\repo\m3.0.3\org\xerial\sqlite-jdbc\3.8.11.1\sqlite-jdbc-3.8.11.1.jar;C:\dev\repo\m3.0.3\org\freemarker\freemarker\2.3.23\freemarker-2.3.23.jar;C:\dev\repo\m3.0.3\org\mongodb\mongodb-driver\3.0.4\mongodb-driver-3.0.4.jar;C:\dev\repo\m3.0.3\org\mongodb\bson\3.0.4\bson-3.0.4.jar;C:\dev\repo\m3.0.3\org\mongodb\mongodb-driver-core\3.0.4\mongodb-driver-core-3.0.4.jar;C:\dev\repo\m3.0.3\org\apache\poi\poi\3.17\poi-3.17.jar;C:\dev\repo\m3.0.3\commons-codec\commons-codec\1.10\commons-codec-1.10.jar;C:\dev\repo\m3.0.3\org\apache\commons\commons-collections4\4.1\commons-collections4-4.1.jar;C:\dev\repo\m3.0.3\org\apache\poi\poi-ooxml\3.17\poi-ooxml-3.17.jar;C:\dev\repo\m3.0.3\org\apache\poi\poi-ooxml-schemas\3.17\poi-ooxml-schemas-3.17.jar;C:\dev\repo\m3.0.3\org\apache\xmlbeans\xmlbeans\2.6.0\xmlbeans-2.6.0.jar;C:\dev\repo\m3.0.3\stax\stax-api\1.0.1\stax-api-1.0.1.jar;C:\dev\repo\m3.0.3\com\github\virtuald\curvesapi\1.04\curvesapi-1.04.jar;C:\dev\repo\m3.0.3\org\apache\maven\surefire\surefire-testng-utils\2.20.1\surefire-testng-utils-2.20.1.jar;C:\dev\repo\m3.0.3\org\apache\maven\surefire\surefire-grouper\2.20.1\surefire-grouper-2.20.1.jar;"/>
    <property name="java.vendor" value="Sun Microsystems Inc."/>
    <property name="sun.management.compiler" value="HotSpot Client Compiler"/>
    <property name="sun.arch.data.model" value="32"/>
    <property name="os.arch" value="x86"/>
    <property name="sun.io.unicode.encoding" value="UnicodeLittle"/>
    <property name="java.awt.printerjob" value="sun.awt.windows.WPrinterJob"/>
    <property name="path.separator" value=";"/>
    <property name="java.vendor.url" value="http://java.sun.com/"/>
    <property name="java.runtime.name" value="Java(TM) SE Runtime Environment"/>
    <property name="sun.boot.class.path" value="C:\ORACLE\Middleware\SOASuite11gR1PS5\jdk160_29\jre\lib\resources.jar;C:\ORACLE\Middleware\SOASuite11gR1PS5\jdk160_29\jre\lib\rt.jar;C:\ORACLE\Middleware\SOASuite11gR1PS5\jdk160_29\jre\lib\sunrsasign.jar;C:\ORACLE\Middleware\SOASuite11gR1PS5\jdk160_29\jre\lib\jsse.jar;C:\ORACLE\Middleware\SOASuite11gR1PS5\jdk160_29\jre\lib\jce.jar;C:\ORACLE\Middleware\SOASuite11gR1PS5\jdk160_29\jre\lib\charsets.jar;C:\ORACLE\Middleware\SOASuite11gR1PS5\jdk160_29\jre\lib\modules\jdk.boot.jar;C:\ORACLE\Middleware\SOASuite11gR1PS5\jdk160_29\jre\classes"/>
    <property name="surefire.real.class.path" value="C:\workspaces\selenium\psd2\target\surefire\surefirebooter7883688223842161589.jar"/>
    <property name="java.endorsed.dirs" value="C:\ORACLE\Middleware\SOASuite11gR1PS5\jdk160_29\jre\lib\endorsed"/>
    <property name="sun.desktop" value="windows"/>
    <property name="java.vm.version" value="20.4-b02"/>
    <property name="os.name" value="Windows 7"/>
    <property name="java.vm.specification.version" value="1.0"/>
    <property name="sun.cpu.isalist" value="pentium_pro+mmx pentium_pro pentium+mmx pentium i486 i386 i86"/>
    <property name="java.version" value="1.6.0_29"/>
    <property name="java.vm.specification.name" value="Java Virtual Machine Specification"/>
    <property name="java.ext.dirs" value="C:\ORACLE\Middleware\SOASuite11gR1PS5\jdk160_29\jre\lib\ext;C:\WINDOWS\Sun\Java\lib\ext"/>
    <property name="os.version" value="6.1"/>
    <property name="basedir" value="C:\workspaces\selenium\psd2"/>
    <property name="java.library.path" value="C:\ORACLE\Middleware\SOASuite11gR1PS5\jdk160_29\jre\bin;C:\WINDOWS\Sun\Java\bin;C:\WINDOWS\system32;C:\WINDOWS;C:\Oracle\Product\Dev10g\jre\1.4.2\bin\;C:\Oracle\Product\Dev10g\jre\1.4.2\bin\client\;C:\Oracle\Product\Dev10g\bin\;C:\Oracle\Product\Dev10g\jlib\;C:\Oracle\Product\Dev10g\jdk\jre\bin\client\;C:\Oracle\Product\Dev10g\jdk\jre\bin\;C:\Oracle\Product\Dev10g\jdk\jre\bin\classic;C:\ProgramData\Oracle\Java\javapath;C:\ORACLE\product\11.2.0\client_1\bin;C:\WINDOWS\system32;C:\WINDOWS;C:\WINDOWS\System32\Wbem;C:\WINDOWS\System32\WindowsPowerShell\v1.0\;C:\Program Files\Citrix\ICAService\;C:\Program Files\Citrix\System32\;C:\Program Files\Citrix\Virtual Desktop Agent\;C:\Program Files\Perforce;C:\Program Files (x86)\Common Files\System\ado;C:\Program Files\PuTTY\;C:\ORACLE\Middleware\SOASuite11gR1PS5\jdk160_29/bin;C:\Program Files\Java\jdk1.8.0_73\bin;C:\dev\apache-maven-3.0.3\bin;C:\Oracle\Product\Dev10g\jre\1.4.2\bin\;C:\Oracle\Product\Dev10g\jre\1.4.2\bin\client\;C:\Oracle\Product\Dev10g\bin\;C:\Oracle\Product\Dev10g\jlib\;C:\Oracle\Product\Dev10g\jdk\jre\bin\client\;C:\Oracle\Product\Dev10g\jdk\jre\bin\;C:\Oracle\Product\Dev10g\jdk\jre\bin\classic;C:\ProgramData\Oracle\Java\javapath;C:\ORACLE\product\11.2.0\client_1\bin;C:\WINDOWS\system32;C:\WINDOWS;C:\WINDOWS\System32\Wbem;C:\WINDOWS\System32\WindowsPowerShell\v1.0\;C:\Program Files\Citrix\ICAService\;C:\Program Files\Citrix\System32\;C:\Program Files\Citrix\Virtual Desktop Agent\;C:\Program Files\Perforce;C:\Program Files (x86)\Common Files\System\ado;C:\Program Files\PuTTY\;C:\Program Files\Java\jdk1.8.0_73\bin;;;."/>
    <property name="java.awt.graphicsenv" value="sun.awt.Win32GraphicsEnvironment"/>
    <property name="java.vm.name" value="Java HotSpot(TM) Client VM"/>
    <property name="user.country" value="GB"/>
  </properties>
  <testcase name="testChelseaYoaApplication" classname="co.uk.ybs.selenium.psd2.TestChromeBrowser" time="118.361"/>
  <testcase name="testChelseaYoaApplication" classname="co.uk.ybs.selenium.psd2.PSD2Yorkshire" time="37.58"/>
  <testcase name="testbPsd2Login1Page" classname="co.uk.ybs.selenium.psd2.PSD2Yorkshire" time="20.087"/>
  <testcase name="testcPsd2Login2Page" classname="co.uk.ybs.selenium.psd2.PSD2Yorkshire" time="8.273"/>
  <testcase name="testdPsd2AccountSelectionPage" classname="co.uk.ybs.selenium.psd2.PSD2Yorkshire" time="6.278"/>
  <testcase name="testdPsd2AuthorisationRequestPage" classname="co.uk.ybs.selenium.psd2.PSD2Yorkshire" time="1.131"/>
  <testcase name="testdPsd2AuthorisationTransactionServicePage" classname="co.uk.ybs.selenium.psd2.PSD2Yorkshire" time="1.851"/>
  <testcase name="testdPsd2AuthorisationTransactionPasswordPage" classname="co.uk.ybs.selenium.psd2.PSD2Yorkshire" time="164.64"/>
  <testcase name="testdPsd2AuthorisationSuccessPage" classname="co.uk.ybs.selenium.psd2.PSD2Yorkshire" time="0.419"/>
  <testcase name="testdPsd2TppRetrurnPage" classname="co.uk.ybs.selenium.psd2.PSD2Yorkshire" time="1.485"/>
  <testcase name="testdPsd2TppAccessTokenPage" classname="co.uk.ybs.selenium.psd2.PSD2Yorkshire" time="0.016"/>
  <testcase name="testaTppToolAuthorisationpage" classname="co.uk.ybs.selenium.psd2.PSD2Yorkshire" time="0.532"/>
  <testcase name="testaTppToolAccessTokenpage" classname="co.uk.ybs.selenium.psd2.PSD2Yorkshire" time="1.127"/>
  <testcase name="testdPsd2TppResultPage" classname="co.uk.ybs.selenium.psd2.PSD2Yorkshire" time="37.16"/>
</testsuite>