<?xml version="1.0" encoding="UTF-8"?>
<!-- Generated by org.testng.reporters.JUnitReportReporter -->
<testsuite hostname="H50059" name="co.uk.ybs.selenium.psd2.TestChromeBrowser" tests="1" failures="0" timestamp="18 May 2018 11:49:12 GMT" time="123.514" errors="0">
  <testcase name="testChelseaYoaApplication" time="123.514" classname="co.uk.ybs.selenium.psd2.TestChromeBrowser"/>
</testsuite> <!-- co.uk.ybs.selenium.psd2.TestChromeBrowser -->
