<?xml version="1.0" encoding="UTF-8"?>
<!-- Generated by org.testng.reporters.JUnitReportReporter -->
<testsuite hostname="H50059" name="co.uk.ybs.selenium.psd2.TestChromeBrowser" tests="1" failures="0" timestamp="12 Jun 2018 17:05:11 GMT" time="118.331" errors="0">
  <testcase name="testChelseaYoaApplication" time="118.331" classname="co.uk.ybs.selenium.psd2.TestChromeBrowser"/>
</testsuite> <!-- co.uk.ybs.selenium.psd2.TestChromeBrowser -->
