<?xml version="1.0" encoding="UTF-8"?>
<!-- Generated by org.testng.reporters.JUnitReportReporter -->
<testsuite hostname="H50059" name="co.uk.ybs.selenium.psd2.PSD2Yorkshire" tests="13" failures="0" timestamp="12 Jun 2018 17:05:11 GMT" time="280.570" errors="0">
  <testcase name="testChelseaYoaApplication" time="37.580" classname="co.uk.ybs.selenium.psd2.PSD2Yorkshire"/>
  <testcase name="testdPsd2AuthorisationTransactionServicePage" time="1.853" classname="co.uk.ybs.selenium.psd2.PSD2Yorkshire"/>
  <testcase name="testdPsd2TppRetrurnPage" time="1.484" classname="co.uk.ybs.selenium.psd2.PSD2Yorkshire"/>
  <testcase name="testaTppToolAuthorisationpage" time="0.530" classname="co.uk.ybs.selenium.psd2.PSD2Yorkshire"/>
  <testcase name="testdPsd2AuthorisationTransactionPasswordPage" time="164.637" classname="co.uk.ybs.selenium.psd2.PSD2Yorkshire"/>
  <testcase name="testdPsd2TppResultPage" time="37.156" classname="co.uk.ybs.selenium.psd2.PSD2Yorkshire"/>
  <testcase name="testdPsd2AuthorisationRequestPage" time="1.127" classname="co.uk.ybs.selenium.psd2.PSD2Yorkshire"/>
  <testcase name="testdPsd2AccountSelectionPage" time="6.279" classname="co.uk.ybs.selenium.psd2.PSD2Yorkshire"/>
  <testcase name="testaTppToolAccessTokenpage" time="1.127" classname="co.uk.ybs.selenium.psd2.PSD2Yorkshire"/>
  <testcase name="testdPsd2AuthorisationSuccessPage" time="0.423" classname="co.uk.ybs.selenium.psd2.PSD2Yorkshire"/>
  <testcase name="testcPsd2Login2Page" time="8.272" classname="co.uk.ybs.selenium.psd2.PSD2Yorkshire"/>
  <testcase name="testdPsd2TppAccessTokenPage" time="0.015" classname="co.uk.ybs.selenium.psd2.PSD2Yorkshire"/>
  <testcase name="testbPsd2Login1Page" time="20.087" classname="co.uk.ybs.selenium.psd2.PSD2Yorkshire"/>
</testsuite> <!-- co.uk.ybs.selenium.psd2.PSD2Yorkshire -->
